/Volumes/ZWSamsung/ATPChecker/dataset/TPL_PP/ad_networks/AdColony/zh pp AdColony.html
/Volumes/ZWSamsung/ATPChecker/dataset/TPL_PP/ad_networks/AdLib/개인정보처리방침 __ ADLIB.html
/Volumes/ZWSamsung/ATPChecker/dataset/TPL_PP/ad_networks/AdMob/zh pp Google.html
/Volumes/ZWSamsung/ATPChecker/dataset/TPL_PP/ad_networks/adPOPcorn/IGAWorks Policy.html
/Volumes/ZWSamsung/ATPChecker/dataset/TPL_PP/ad_networks/adstir/ユナイテッドマーケティングテクノロジーズ株式会社.html
/Volumes/ZWSamsung/ATPChecker/dataset/TPL_PP/ad_networks/AdColony/zh pp AdColony.html
/Volumes/ZWSamsung/ATPChecker/dataset/TPL_PP/ad_networks/AdLib/개인정보처리방침 __ ADLIB.html
/Volumes/ZWSamsung/ATPChecker/dataset/TPL_PP/ad_networks/AdMob/zh pp Google.html
/Volumes/ZWSamsung/ATPChecker/dataset/TPL_PP/ad_networks/adPOPcorn/IGAWorks Policy.html
/Volumes/ZWSamsung/ATPChecker/dataset/TPL_PP/ad_networks/adstir/ユナイテッドマーケティングテクノロジーズ株式会社.html
/Volumes/ZWSamsung/ATPChecker/dataset/TPL_PP/ad_networks/Adwo/安沃传媒-移动广告平台_手机广告平台_移动营销_精准营销_DSP.html
/Volumes/ZWSamsung/ATPChecker/dataset/TPL_PP/ad_networks/AmoAd/Privacy Policy _ CyberAgent AI Business Unit.html
/Volumes/ZWSamsung/ATPChecker/dataset/TPL_PP/ad_networks/AppLovin/AppLovin 隐私政策.html
/Volumes/ZWSamsung/ATPChecker/dataset/TPL_PP/ad_networks/Cheetah Mobile/隐私政策（中国大陆）隐私政策_猎豹移动.html
/Volumes/ZWSamsung/ATPChecker/dataset/TPL_PP/ad_networks/Daum ads/Daum 개인정보처리방침.html
/Volumes/ZWSamsung/ATPChecker/dataset/TPL_PP/ad_networks/Facebook/Facebook.html
/Volumes/ZWSamsung/ATPChecker/dataset/TPL_PP/ad_networks/Kochava/Kochava.com的官方支持和隐私页面.html
/Volumes/ZWSamsung/ATPChecker/dataset/TPL_PP/ad_networks/AdColony/zh pp AdColony.html
/Volumes/ZWSamsung/ATPChecker/dataset/TPL_PP/ad_networks/AdLib/개인정보처리방침 __ ADLIB.html
/Volumes/ZWSamsung/ATPChecker/dataset/TPL_PP/ad_networks/AdMob/zh pp Google.html
/Volumes/ZWSamsung/ATPChecker/dataset/TPL_PP/ad_networks/adPOPcorn/IGAWorks Policy.html
/Volumes/ZWSamsung/ATPChecker/dataset/TPL_PP/ad_networks/adstir/ユナイテッドマーケティングテクノロジーズ株式会社.html
/Volumes/ZWSamsung/ATPChecker/dataset/TPL_PP/ad_networks/Adwo/安沃传媒-移动广告平台_手机广告平台_移动营销_精准营销_DSP.html
/Volumes/ZWSamsung/ATPChecker/dataset/TPL_PP/ad_networks/AmoAd/Privacy Policy _ CyberAgent AI Business Unit.html
/Volumes/ZWSamsung/ATPChecker/dataset/TPL_PP/ad_networks/AppLovin/AppLovin 隐私政策.html
/Volumes/ZWSamsung/ATPChecker/dataset/TPL_PP/ad_networks/AdColony/zh pp AdColony.html
/Volumes/ZWSamsung/ATPChecker/dataset/TPL_PP/ad_networks/AdLib/개인정보처리방침 __ ADLIB.html
/Volumes/ZWSamsung/ATPChecker/dataset/TPL_PP/ad_networks/AdMob/zh pp Google.html
/Volumes/ZWSamsung/ATPChecker/dataset/TPL_PP/ad_networks/adPOPcorn/IGAWorks Policy.html
/Volumes/ZWSamsung/ATPChecker/dataset/TPL_PP/ad_networks/adstir/ユナイテッドマーケティングテクノロジーズ株式会社.html
/Volumes/ZWSamsung/ATPChecker/dataset/TPL_PP/ad_networks/Adwo/安沃传媒-移动广告平台_手机广告平台_移动营销_精准营销_DSP.html
/Volumes/ZWSamsung/ATPChecker/dataset/TPL_PP/ad_networks/AmoAd/Privacy Policy _ CyberAgent AI Business Unit.html
/Volumes/ZWSamsung/ATPChecker/dataset/TPL_PP/ad_networks/AppLovin/AppLovin 隐私政策.html
/Volumes/ZWSamsung/ATPChecker/dataset/TPL_PP/ad_networks/Cheetah Mobile/隐私政策（中国大陆）隐私政策_猎豹移动.html
/Volumes/ZWSamsung/ATPChecker/dataset/TPL_PP/ad_networks/Daum ads/Daum 개인정보처리방침.html
/Volumes/ZWSamsung/ATPChecker/dataset/TPL_PP/ad_networks/Facebook/Facebook.html
/Volumes/ZWSamsung/ATPChecker/dataset/TPL_PP/ad_networks/Kochava/Kochava.com的官方支持和隐私页面.html
/Volumes/ZWSamsung/ATPChecker/dataset/TPL_PP/ad_networks/Millennial Media/歡迎瀏覧 Verizon Media 私隱政策 _ Verizon Media Policies.html
/Volumes/ZWSamsung/ATPChecker/dataset/TPL_PP/ad_networks/Mintegral/CCPA FAQs- Mintegral.html
/Volumes/ZWSamsung/ATPChecker/dataset/TPL_PP/ad_networks/Mintegral/COPPA Certified.html
/Volumes/ZWSamsung/ATPChecker/dataset/TPL_PP/ad_networks/Mintegral/GDPR 常见问题 - Mintegral.html
/Volumes/ZWSamsung/ATPChecker/dataset/TPL_PP/ad_networks/Mintegral/隐私条款 - Mintegral.html
/Volumes/ZWSamsung/ATPChecker/dataset/TPL_PP/ad_networks/Mobeleader/Política de privacidad.html
/Volumes/ZWSamsung/ATPChecker/dataset/TPL_PP/ad_networks/MobPartner/隐私政策（中国大陆）Policies_Cheetah Mobile.html
/Volumes/ZWSamsung/ATPChecker/dataset/TPL_PP/ad_networks/MobVista/隐私条款 - 汇量科技.html
/Volumes/ZWSamsung/ATPChecker/dataset/TPL_PP/ad_networks/NativeX/隐私条款 _ Nativex.html
/Volumes/ZWSamsung/ATPChecker/dataset/TPL_PP/ad_networks/Nielsen/隐私权政策_尼尔森 – Nielsen.html
/Volumes/ZWSamsung/ATPChecker/dataset/TPL_PP/ad_networks/Taboola/Privacy Policy _ Taboola_zh.com.html
/Volumes/ZWSamsung/ATPChecker/dataset/TPL_PP/development_tools/Adbrix/IGAWorks Policy.html
/Volumes/ZWSamsung/ATPChecker/dataset/TPL_PP/development_tools/Adobe AIR/Adobe 隐私中心.html
/Volumes/ZWSamsung/ATPChecker/dataset/TPL_PP/development_tools/Alipay/客户端 SDK 隐私说明 - 支付宝文档中心.html
/Volumes/ZWSamsung/ATPChecker/dataset/TPL_PP/development_tools/Amazon in-app purchasing/隐私和安全政策 _ 开发者政策中心.html
/Volumes/ZWSamsung/ATPChecker/dataset/TPL_PP/development_tools/Android Architecture Components/隐私权政策 – 隐私权和条款 – Google.html
/Volumes/ZWSamsung/ATPChecker/dataset/TPL_PP/development_tools/Android Jetpack core/隐私权政策 – 隐私权和条款 – Google.html
/Volumes/ZWSamsung/ATPChecker/dataset/TPL_PP/development_tools/Android Jetpack VersionedParcelable/隐私权政策 – 隐私权和条款 – Google.html
/Volumes/ZWSamsung/ATPChecker/dataset/TPL_PP/development_tools/Android Jetpack Widgets/隐私权政策 – 隐私权和条款 – Google.html
/Volumes/ZWSamsung/ATPChecker/dataset/TPL_PP/development_tools/Crittercism/VMware 隐私权政策 - 个人信息保护 _ CN.html
/Volumes/ZWSamsung/ATPChecker/dataset/TPL_PP/development_tools/Dropbox API/Dropbox - 隐私政策.html
/Volumes/ZWSamsung/ATPChecker/dataset/TPL_PP/development_tools/Firebase/隐私权政策 – 隐私权和条款 – Google.html
/Volumes/ZWSamsung/ATPChecker/dataset/TPL_PP/development_tools/GeckoView/Mozilla 隐私声明.html
/Volumes/ZWSamsung/ATPChecker/dataset/TPL_PP/development_tools/HockeyApp/Microsoft 隐私声明 - Microsoft 隐私.html
/Volumes/ZWSamsung/ATPChecker/dataset/TPL_PP/development_tools/Krux/Salesforce完整隐私策略声明 - Salesforce 中国.html
/Volumes/ZWSamsung/ATPChecker/dataset/TPL_PP/development_tools/Mozilla Rhino/Mozilla 隐私声明.html
/Volumes/ZWSamsung/ATPChecker/dataset/TPL_PP/development_tools/ms Xamarin/Microsoft 隐私声明 - Microsoft 隐私.html
/Volumes/ZWSamsung/ATPChecker/dataset/TPL_PP/development_tools/Samsung In-App Purchase/Privacy Policy _ Samsung Developers_zh.html
/Volumes/ZWSamsung/ATPChecker/dataset/TPL_PP/development_tools/Umeng/【友盟+】隐私政策.html
/Volumes/ZWSamsung/ATPChecker/dataset/TPL_PP/development_tools/Visual Studio App Center/Microsoft 隐私声明 - Microsoft 隐私.html
/Volumes/ZWSamsung/ATPChecker/dataset/TPL_PP/social_libraries/Google Play Games Services/隐私权政策 – 隐私权和条款 – Google.html
/Volumes/ZWSamsung/ATPChecker/dataset/TPL_PP/social_libraries/Kakao/비즈니스 파트너 개인정보처리방침 - 카카오비즈니스.html
/Volumes/ZWSamsung/ATPChecker/dataset/TPL_PP/social_libraries/Snap Bitmoji Kit/隐私权政策 - Snap Inc..html
/Volumes/ZWSamsung/ATPChecker/dataset/TPL_PP/social_libraries/Snap Creative Kit/隐私权政策 - Snap Inc..html
/Volumes/ZWSamsung/ATPChecker/dataset/TPL_PP/social_libraries/Snap Login Kit/隐私权政策 - Snap Inc..html
/Volumes/ZWSamsung/ATPChecker/dataset/TPL_PP/social_libraries/Twitter Kit/隐私权政策 – 隐私权和条款 – Google.html
/Volumes/ZWSamsung/ATPChecker/dataset/TPL_PP/social_libraries/WeChat/隐私政策 - Tencent 腾讯.html
/Volumes/ZWSamsung/ATPChecker/dataset/host_app_pp/ad-networks/com.avector.itw.itwmj16/com.avector.itw.itwmj16.html
/Volumes/ZWSamsung/ATPChecker/dataset/host_app_pp/ad-networks/com.bbk.theme/com.bbk.theme.html
/Volumes/ZWSamsung/ATPChecker/dataset/host_app_pp/ad-networks/com.game.shape.shift/com.game.shape.shift.html
/Volumes/ZWSamsung/ATPChecker/dataset/host_app_pp/ad-networks/com.jakarta.baca.lite/com.jakarta.baca.lite.html
/Volumes/ZWSamsung/ATPChecker/dataset/host_app_pp/ad-networks/com.miui.videoplayer/com.miui.videoplayer.html
/Volumes/ZWSamsung/ATPChecker/dataset/host_app_pp/ad-networks/com.pure.indosat.care/com.pure.indosat.care.html
/Volumes/ZWSamsung/ATPChecker/dataset/host_app_pp/ad-networks/com.spotify.music/com.spotify.music.html
/Volumes/ZWSamsung/ATPChecker/dataset/host_app_pp/ad-networks/com.sundaytoz.kakao.anipangtouch/com.sundaytoz.kakao.anipangtouch.html
/Volumes/ZWSamsung/ATPChecker/dataset/host_app_pp/ad-networks/com.tg.eaglebirdcitysimulator2015/com.tg.eaglebirdcitysimulator2015.html
/Volumes/ZWSamsung/ATPChecker/dataset/host_app_pp/ad-networks/de.mobile.android/de.mobile.android.app.html
/Volumes/ZWSamsung/ATPChecker/dataset/host_app_pp/ad-networks/tr.com.happydigital.happymom/tr.com.happydigital.happymom.html
